<?xml version="1.0" encoding="UTF-8"?>
<testsuites name="TSC - 001" time="67.745" tests="8" failures="0" errors="0">
   <testsuite name="TestSuitTraining" tests="2" failures="0" errors="0" time="39.703" skipped="0" timestamp="24-07-2024T16:52:47" hostname="scarl - Sanchita" id="Test Suites/TestSuitTraining">
      <properties>
         <property name="deviceName" value=""/>
         <property name="devicePlatform"/>
         <property name="logFolder" value="D:\\KatalonStudio\\UdemyProject\\KatalonTrainingProject\\Reports\\20240724_165226\\TestSuitTraining\\20240724_165227"/>
         <property name="logFiles" value="D:\\KatalonStudio\\UdemyProject\\KatalonTrainingProject\\Reports\\20240724_165226\\TestSuitTraining\\20240724_165227\\execution0.log"/>
         <property name="attachments" value=""/>
         <property name="hostName" value="scarl - Sanchita"/>
         <property name="os" value="Windows 11 64bit"/>
         <property name="katalonVersion" value="9.6.0.217"/>
         <property name="browser" value="Edge Chromium 126"/>
         <property name="hostAddress" value="192.168.1.140"/>
         <property name="sessionId" value="a1ef7f61485d175316e17e4472550d64"/>
         <property name="seleniumVersion" value="3.141.59"/>
         <property name="proxyInformation" value="ProxyInformation { proxyOption=NO_PROXY, proxyServerType=HTTP, username=, password=********, proxyServerAddress=, proxyServerPort=0, executionList=&quot;&quot;, isApplyToDesiredCapabilities=true }"/>
         <property name="platform" value="Windows 11"/>
      </properties>
      <testcase name="Test Cases/TC YT/TC-001" time="26.338" classname="Test Cases/TC YT/TC-001" status="PASSED">
         <system-out><![CDATA[24-07-2024T16:52:48 - [TEST_CASE][PASSED] - Test Cases/TC YT/TC-001: Test Cases/TC YT/TC-001

24-07-2024T16:52:50 - [TEST_STEP][PASSED] - openBrowser(""): Browser is opened with url: ''

24-07-2024T16:52:51 - [MESSAGE][INFO] - Starting 'Edge Chromium' driver

24-07-2024T16:52:52 - [MESSAGE][INFO] - Action delay is set to 0 milliseconds

24-07-2024T16:52:54 - [MESSAGE][PASSED] - Browser is opened with url: ''

24-07-2024T16:52:54 - [TEST_STEP][PASSED] - navigateToUrl("https://katalon-demo-cura.herokuapp.com/"): Navigate to 'https://katalon-demo-cura.herokuapp.com/' successfully

24-07-2024T16:52:57 - [MESSAGE][PASSED] - Navigate to 'https://katalon-demo-cura.herokuapp.com/' successfully

24-07-2024T16:52:57 - [TEST_STEP][PASSED] - click(findTestObject("Object Repository/Page_CURA Healthcare Service/a_Make Appointment")): Object: 'Object Repository/Page_CURA Healthcare Service/a_Make Appointment' is clicked on

24-07-2024T16:52:59 - [MESSAGE][PASSED] - Object: 'Object Repository/Page_CURA Healthcare Service/a_Make Appointment' is clicked on

24-07-2024T16:52:59 - [TEST_STEP][PASSED] - doubleClick(findTestObject("Object Repository/Page_CURA Healthcare Service/input_Demo account_form-control")): Object: 'Object Repository/Page_CURA Healthcare Service/input_Demo account_form-control' is double clicked on

24-07-2024T16:53:00 - [MESSAGE][PASSED] - Object: 'Object Repository/Page_CURA Healthcare Service/input_Demo account_form-control' is double clicked on

24-07-2024T16:53:00 - [TEST_STEP][PASSED] - click(findTestObject("Object Repository/Page_CURA Healthcare Service/input_Demo account_form-control")): Object: 'Object Repository/Page_CURA Healthcare Service/input_Demo account_form-control' is clicked on

24-07-2024T16:53:01 - [MESSAGE][PASSED] - Object: 'Object Repository/Page_CURA Healthcare Service/input_Demo account_form-control' is clicked on

24-07-2024T16:53:01 - [TEST_STEP][PASSED] - setText(findTestObject("Object Repository/Page_CURA Healthcare Service/input_Username_username"), "John Doe"): Text 'John Doe' is set on object 'Object Repository/Page_CURA Healthcare Service/input_Username_username'

24-07-2024T16:53:03 - [MESSAGE][PASSED] - Text 'John Doe' is set on object 'Object Repository/Page_CURA Healthcare Service/input_Username_username'

24-07-2024T16:53:03 - [TEST_STEP][PASSED] - setEncryptedText(findTestObject("Object Repository/Page_CURA Healthcare Service/input_Password_password"), "g3/DOGG74jC3Flrr3yH+3D/yKbOqqUNM"): Text ****** has been set on object 'Object Repository/Page_CURA Healthcare Service/input_Password_password'

24-07-2024T16:53:05 - [MESSAGE][PASSED] - Text ****** has been set on object 'Object Repository/Page_CURA Healthcare Service/input_Password_password'

24-07-2024T16:53:05 - [TEST_STEP][PASSED] - verifyElementPresent(findTestObject("Object Repository/Page_CURA Healthcare Service/button_Login"), 0): Object 'Object Repository/Page_CURA Healthcare Service/button_Login' is present

24-07-2024T16:53:05 - [MESSAGE][WARNING] - Timeout '0' is invalid. Using default page load timeout: '30'

24-07-2024T16:53:06 - [MESSAGE][PASSED] - Object 'Object Repository/Page_CURA Healthcare Service/button_Login' is present

24-07-2024T16:53:06 - [TEST_STEP][PASSED] - click(findTestObject("Object Repository/Page_CURA Healthcare Service/button_Login")): Object: 'Object Repository/Page_CURA Healthcare Service/button_Login' is clicked on

24-07-2024T16:53:07 - [MESSAGE][PASSED] - Object: 'Object Repository/Page_CURA Healthcare Service/button_Login' is clicked on

24-07-2024T16:53:07 - [TEST_STEP][PASSED] - selectOptionByValue(findTestObject("Object Repository/Page_CURA Healthcare Service/select_Tokyo CURA Healthcare Center        _5b4107"), "Hongkong CURA Healthcare Center", true): All options with value 'Hongkong CURA Healthcare Center' are selected in object 'Object Repository/Page_CURA Healthcare Service/select_Tokyo CURA Healthcare Center        _5b4107'  using regular expression

24-07-2024T16:53:09 - [MESSAGE][PASSED] - All options with value 'Hongkong CURA Healthcare Center' are selected in object 'Object Repository/Page_CURA Healthcare Service/select_Tokyo CURA Healthcare Center        _5b4107'  using regular expression

24-07-2024T16:53:09 - [TEST_STEP][PASSED] - click(findTestObject("Object Repository/Page_CURA Healthcare Service/div_Visit Date (Required)_input-group-addon")): Object: 'Object Repository/Page_CURA Healthcare Service/div_Visit Date (Required)_input-group-addon' is clicked on

24-07-2024T16:53:09 - [MESSAGE][PASSED] - Object: 'Object Repository/Page_CURA Healthcare Service/div_Visit Date (Required)_input-group-addon' is clicked on

24-07-2024T16:53:09 - [TEST_STEP][PASSED] - click(findTestObject("Object Repository/Page_CURA Healthcare Service/td_15")): Object: 'Object Repository/Page_CURA Healthcare Service/td_15' is clicked on

24-07-2024T16:53:10 - [MESSAGE][PASSED] - Object: 'Object Repository/Page_CURA Healthcare Service/td_15' is clicked on

24-07-2024T16:53:10 - [TEST_STEP][PASSED] - setText(findTestObject("Object Repository/Page_CURA Healthcare Service/textarea_Comment_comment"), "This is  a comment."): Text 'This is  a comment.' is set on object 'Object Repository/Page_CURA Healthcare Service/textarea_Comment_comment'

24-07-2024T16:53:11 - [MESSAGE][PASSED] - Text 'This is  a comment.' is set on object 'Object Repository/Page_CURA Healthcare Service/textarea_Comment_comment'

24-07-2024T16:53:11 - [TEST_STEP][PASSED] - verifyElementPresent(findTestObject("Object Repository/Page_CURA Healthcare Service/button_Book Appointment"), 0): Object 'Object Repository/Page_CURA Healthcare Service/button_Book Appointment' is present

24-07-2024T16:53:11 - [MESSAGE][WARNING] - Timeout '0' is invalid. Using default page load timeout: '30'

24-07-2024T16:53:11 - [MESSAGE][PASSED] - Object 'Object Repository/Page_CURA Healthcare Service/button_Book Appointment' is present

24-07-2024T16:53:11 - [TEST_STEP][PASSED] - click(findTestObject("Object Repository/Page_CURA Healthcare Service/button_Book Appointment")): Object: 'Object Repository/Page_CURA Healthcare Service/button_Book Appointment' is clicked on

24-07-2024T16:53:11 - [MESSAGE][PASSED] - Object: 'Object Repository/Page_CURA Healthcare Service/button_Book Appointment' is clicked on

24-07-2024T16:53:11 - [TEST_STEP][PASSED] - doubleClick(findTestObject("Object Repository/Page_CURA Healthcare Service/p_Hongkong CURA Healthcare Center")): Object: 'Object Repository/Page_CURA Healthcare Service/p_Hongkong CURA Healthcare Center' is double clicked on

24-07-2024T16:53:12 - [MESSAGE][PASSED] - Object: 'Object Repository/Page_CURA Healthcare Service/p_Hongkong CURA Healthcare Center' is double clicked on

24-07-2024T16:53:12 - [TEST_STEP][PASSED] - verifyElementText(findTestObject("Object Repository/Page_CURA Healthcare Service/p_Hongkong CURA Healthcare Center"), "Hongkong CURA Healthcare Center"): Actual text and expected text of test object 'Object Repository/Page_CURA Healthcare Service/p_Hongkong CURA Healthcare Center' are matched.

24-07-2024T16:53:12 - [MESSAGE][PASSED] - Actual text and expected text of test object 'Object Repository/Page_CURA Healthcare Service/p_Hongkong CURA Healthcare Center' are matched.

24-07-2024T16:53:12 - [TEST_STEP][PASSED] - click(findTestObject("Object Repository/Page_CURA Healthcare Service/a_Go to Homepage")): Object: 'Object Repository/Page_CURA Healthcare Service/a_Go to Homepage' is clicked on

24-07-2024T16:53:13 - [MESSAGE][PASSED] - Object: 'Object Repository/Page_CURA Healthcare Service/a_Go to Homepage' is clicked on

24-07-2024T16:53:14 - [TEST_STEP][PASSED] - closeBrowser(): Browser is closed

24-07-2024T16:53:14 - [MESSAGE][PASSED] - Browser is closed]]></system-out>
         <system-err><![CDATA[]]></system-err>
      </testcase>
      <testcase name="Test Cases/TC YT/TC-002" time="12.574" classname="Test Cases/TC YT/TC-002" status="PASSED">
         <system-out><![CDATA[24-07-2024T16:53:14 - [TEST_CASE][PASSED] - Test Cases/TC YT/TC-002: Test Cases/TC YT/TC-002

24-07-2024T16:53:14 - [TEST_STEP][PASSED] - openBrowser(""): Browser is opened with url: ''

24-07-2024T16:53:14 - [MESSAGE][INFO] - Starting 'Edge Chromium' driver

24-07-2024T16:53:16 - [MESSAGE][INFO] - Action delay is set to 0 milliseconds

24-07-2024T16:53:17 - [MESSAGE][PASSED] - Browser is opened with url: ''

24-07-2024T16:53:17 - [TEST_STEP][PASSED] - navigateToUrl("https://katalon-demo-cura.herokuapp.com/"): Navigate to 'https://katalon-demo-cura.herokuapp.com/' successfully

24-07-2024T16:53:18 - [MESSAGE][PASSED] - Navigate to 'https://katalon-demo-cura.herokuapp.com/' successfully

24-07-2024T16:53:18 - [TEST_STEP][PASSED] - click(findTestObject("Object Repository/Page_CURA Healthcare Service/a_Make Appointment (1)")): Object: 'Object Repository/Page_CURA Healthcare Service/a_Make Appointment (1)' is clicked on

24-07-2024T16:53:21 - [MESSAGE][PASSED] - Object: 'Object Repository/Page_CURA Healthcare Service/a_Make Appointment (1)' is clicked on

24-07-2024T16:53:21 - [TEST_STEP][PASSED] - setText(findTestObject("Object Repository/Page_CURA Healthcare Service/input_Username_username (1)"), "John Doe"): Text 'John Doe' is set on object 'Object Repository/Page_CURA Healthcare Service/input_Username_username (1)'

24-07-2024T16:53:22 - [MESSAGE][PASSED] - Text 'John Doe' is set on object 'Object Repository/Page_CURA Healthcare Service/input_Username_username (1)'

24-07-2024T16:53:22 - [TEST_STEP][PASSED] - setEncryptedText(findTestObject("Object Repository/Page_CURA Healthcare Service/input_Password_password (1)"), "g3/DOGG74jC3Flrr3yH+3D/yKbOqqUNM"): Text ****** has been set on object 'Object Repository/Page_CURA Healthcare Service/input_Password_password (1)'

24-07-2024T16:53:22 - [MESSAGE][PASSED] - Text ****** has been set on object 'Object Repository/Page_CURA Healthcare Service/input_Password_password (1)'

24-07-2024T16:53:22 - [TEST_STEP][PASSED] - click(findTestObject("Object Repository/Page_CURA Healthcare Service/button_Login (1)")): Object: 'Object Repository/Page_CURA Healthcare Service/button_Login (1)' is clicked on

24-07-2024T16:53:24 - [MESSAGE][PASSED] - Object: 'Object Repository/Page_CURA Healthcare Service/button_Login (1)' is clicked on

24-07-2024T16:53:24 - [TEST_STEP][PASSED] - click(findTestObject("Object Repository/Page_CURA Healthcare Service/i_CURA Healthcare_fa fa-bars")): Object: 'Object Repository/Page_CURA Healthcare Service/i_CURA Healthcare_fa fa-bars' is clicked on

24-07-2024T16:53:25 - [MESSAGE][PASSED] - Object: 'Object Repository/Page_CURA Healthcare Service/i_CURA Healthcare_fa fa-bars' is clicked on

24-07-2024T16:53:25 - [TEST_STEP][PASSED] - verifyElementPresent(findTestObject("Object Repository/Page_CURA Healthcare Service/a_Logout"), 0): Object 'Object Repository/Page_CURA Healthcare Service/a_Logout' is present

24-07-2024T16:53:25 - [MESSAGE][WARNING] - Timeout '0' is invalid. Using default page load timeout: '30'

24-07-2024T16:53:25 - [MESSAGE][PASSED] - Object 'Object Repository/Page_CURA Healthcare Service/a_Logout' is present

24-07-2024T16:53:25 - [TEST_STEP][PASSED] - closeBrowser(): Browser is closed

24-07-2024T16:53:27 - [MESSAGE][PASSED] - Browser is closed]]></system-out>
         <system-err><![CDATA[]]></system-err>
      </testcase>
      <system-out><![CDATA[24-07-2024T16:52:47 - [TEST_SUITE][PASSED] - TestSuitTraining: Test Cases/TC YT/TC-002]]></system-out>
      <system-err><![CDATA[]]></system-err>
   </testsuite>
   <testsuite name="TS-001" tests="3" failures="0" errors="0" time="48.157" skipped="0" timestamp="24-07-2024T16:52:48" hostname="scarl - Sanchita" id="Test Suites/TS-002 UDEMY/TS-001">
      <properties>
         <property name="deviceName" value=""/>
         <property name="devicePlatform"/>
         <property name="logFolder" value="D:\\KatalonStudio\\UdemyProject\\KatalonTrainingProject\\Reports\\20240724_165226\\TS-002 UDEMY\\TS-001\\20240724_165229"/>
         <property name="logFiles" value="D:\\KatalonStudio\\UdemyProject\\KatalonTrainingProject\\Reports\\20240724_165226\\TS-002 UDEMY\\TS-001\\20240724_165229\\execution0.log"/>
         <property name="attachments" value=""/>
         <property name="hostName" value="scarl - Sanchita"/>
         <property name="os" value="Windows 11 64bit"/>
         <property name="katalonVersion" value="9.6.0.217"/>
         <property name="browser" value="Edge Chromium 126"/>
         <property name="hostAddress" value="192.168.1.140"/>
         <property name="sessionId" value="c0628a00a3cada0d46cdb17288098af9"/>
         <property name="seleniumVersion" value="3.141.59"/>
         <property name="proxyInformation" value="ProxyInformation { proxyOption=NO_PROXY, proxyServerType=HTTP, username=, password=********, proxyServerAddress=, proxyServerPort=0, executionList=&quot;&quot;, isApplyToDesiredCapabilities=true }"/>
         <property name="platform" value="Windows 11"/>
      </properties>
      <testcase name="Test Cases/TC UDEMY/TC - 003 Record Mode" time="24.302" classname="Test Cases/TC UDEMY/TC - 003 Record Mode" status="PASSED">
         <system-out><![CDATA[24-07-2024T16:52:49 - [TEST_CASE][PASSED] - Test Cases/TC UDEMY/TC - 003 Record Mode: Test Cases/TC UDEMY/TC - 003 Record Mode

24-07-2024T16:52:50 - [TEST_STEP][PASSED] - openBrowser(""): Browser is opened with url: ''

24-07-2024T16:52:51 - [MESSAGE][INFO] - Starting 'Edge Chromium' driver

24-07-2024T16:52:55 - [MESSAGE][INFO] - Action delay is set to 0 milliseconds

24-07-2024T16:52:58 - [MESSAGE][PASSED] - Browser is opened with url: ''

24-07-2024T16:52:58 - [TEST_STEP][PASSED] - navigateToUrl("https://katalon-demo-cura.herokuapp.com/"): Navigate to 'https://katalon-demo-cura.herokuapp.com/' successfully

24-07-2024T16:53:01 - [MESSAGE][PASSED] - Navigate to 'https://katalon-demo-cura.herokuapp.com/' successfully

24-07-2024T16:53:01 - [TEST_STEP][PASSED] - click(findTestObject("Object Repository/Udemy Healthcare Site/Page_CURA Healthcare Service/a_Make Appointment")): Object: 'Object Repository/Udemy Healthcare Site/Page_CURA Healthcare Service/a_Make Appointment' is clicked on

24-07-2024T16:53:02 - [MESSAGE][PASSED] - Object: 'Object Repository/Udemy Healthcare Site/Page_CURA Healthcare Service/a_Make Appointment' is clicked on

24-07-2024T16:53:02 - [TEST_STEP][PASSED] - setText(findTestObject("Object Repository/Udemy Healthcare Site/Page_CURA Healthcare Service/input_Username_username"), "John Doe"): Text 'John Doe' is set on object 'Object Repository/Udemy Healthcare Site/Page_CURA Healthcare Service/input_Username_username'

24-07-2024T16:53:03 - [MESSAGE][PASSED] - Text 'John Doe' is set on object 'Object Repository/Udemy Healthcare Site/Page_CURA Healthcare Service/input_Username_username'

24-07-2024T16:53:03 - [TEST_STEP][PASSED] - click(findTestObject("Object Repository/Udemy Healthcare Site/Page_CURA Healthcare Service/input_Username_username")): Object: 'Object Repository/Udemy Healthcare Site/Page_CURA Healthcare Service/input_Username_username' is clicked on

24-07-2024T16:53:04 - [MESSAGE][PASSED] - Object: 'Object Repository/Udemy Healthcare Site/Page_CURA Healthcare Service/input_Username_username' is clicked on

24-07-2024T16:53:04 - [TEST_STEP][PASSED] - setEncryptedText(findTestObject("Object Repository/Udemy Healthcare Site/Page_CURA Healthcare Service/input_Password_password"), "g3/DOGG74jC3Flrr3yH+3D/yKbOqqUNM"): Text ****** has been set on object 'Object Repository/Udemy Healthcare Site/Page_CURA Healthcare Service/input_Password_password'

24-07-2024T16:53:05 - [MESSAGE][PASSED] - Text ****** has been set on object 'Object Repository/Udemy Healthcare Site/Page_CURA Healthcare Service/input_Password_password'

24-07-2024T16:53:05 - [TEST_STEP][PASSED] - click(findTestObject("Object Repository/Udemy Healthcare Site/Page_CURA Healthcare Service/button_Login")): Object: 'Object Repository/Udemy Healthcare Site/Page_CURA Healthcare Service/button_Login' is clicked on

24-07-2024T16:53:07 - [MESSAGE][PASSED] - Object: 'Object Repository/Udemy Healthcare Site/Page_CURA Healthcare Service/button_Login' is clicked on

24-07-2024T16:53:07 - [TEST_STEP][PASSED] - selectOptionByValue(findTestObject("Object Repository/Udemy Healthcare Site/Page_CURA Healthcare Service/select_Tokyo CURA Healthcare Center        _5b4107"), "Hongkong CURA Healthcare Center", true): All options with value 'Hongkong CURA Healthcare Center' are selected in object 'Object Repository/Udemy Healthcare Site/Page_CURA Healthcare Service/select_Tokyo CURA Healthcare Center        _5b4107'  using regular expression

24-07-2024T16:53:08 - [MESSAGE][PASSED] - All options with value 'Hongkong CURA Healthcare Center' are selected in object 'Object Repository/Udemy Healthcare Site/Page_CURA Healthcare Service/select_Tokyo CURA Healthcare Center        _5b4107'  using regular expression

24-07-2024T16:53:08 - [TEST_STEP][PASSED] - click(findTestObject("Object Repository/Udemy Healthcare Site/Page_CURA Healthcare Service/input_Apply for hospital readmission_hospit_63901f")): Object: 'Object Repository/Udemy Healthcare Site/Page_CURA Healthcare Service/input_Apply for hospital readmission_hospit_63901f' is clicked on

24-07-2024T16:53:08 - [MESSAGE][PASSED] - Object: 'Object Repository/Udemy Healthcare Site/Page_CURA Healthcare Service/input_Apply for hospital readmission_hospit_63901f' is clicked on

24-07-2024T16:53:08 - [TEST_STEP][PASSED] - click(findTestObject("Object Repository/Udemy Healthcare Site/Page_CURA Healthcare Service/input_Medicaid_programs")): Object: 'Object Repository/Udemy Healthcare Site/Page_CURA Healthcare Service/input_Medicaid_programs' is clicked on

24-07-2024T16:53:09 - [MESSAGE][PASSED] - Object: 'Object Repository/Udemy Healthcare Site/Page_CURA Healthcare Service/input_Medicaid_programs' is clicked on

24-07-2024T16:53:09 - [TEST_STEP][PASSED] - click(findTestObject("Object Repository/Udemy Healthcare Site/Page_CURA Healthcare Service/span_Visit Date (Required)_glyphicon glyphi_cada34")): Object: 'Object Repository/Udemy Healthcare Site/Page_CURA Healthcare Service/span_Visit Date (Required)_glyphicon glyphi_cada34' is clicked on

24-07-2024T16:53:09 - [MESSAGE][PASSED] - Object: 'Object Repository/Udemy Healthcare Site/Page_CURA Healthcare Service/span_Visit Date (Required)_glyphicon glyphi_cada34' is clicked on

24-07-2024T16:53:09 - [TEST_STEP][PASSED] - click(findTestObject("Object Repository/Udemy Healthcare Site/Page_CURA Healthcare Service/td_31")): Object: 'Object Repository/Udemy Healthcare Site/Page_CURA Healthcare Service/td_31' is clicked on

24-07-2024T16:53:10 - [MESSAGE][PASSED] - Object: 'Object Repository/Udemy Healthcare Site/Page_CURA Healthcare Service/td_31' is clicked on

24-07-2024T16:53:10 - [TEST_STEP][PASSED] - setText(findTestObject("Object Repository/Udemy Healthcare Site/Page_CURA Healthcare Service/textarea_Comment_comment"), "This is a sample comment."): Text 'This is a sample comment.' is set on object 'Object Repository/Udemy Healthcare Site/Page_CURA Healthcare Service/textarea_Comment_comment'

24-07-2024T16:53:11 - [MESSAGE][PASSED] - Text 'This is a sample comment.' is set on object 'Object Repository/Udemy Healthcare Site/Page_CURA Healthcare Service/textarea_Comment_comment'

24-07-2024T16:53:11 - [TEST_STEP][PASSED] - click(findTestObject("Object Repository/Udemy Healthcare Site/Page_CURA Healthcare Service/button_Book Appointment")): Object: 'Object Repository/Udemy Healthcare Site/Page_CURA Healthcare Service/button_Book Appointment' is clicked on

24-07-2024T16:53:11 - [MESSAGE][PASSED] - Object: 'Object Repository/Udemy Healthcare Site/Page_CURA Healthcare Service/button_Book Appointment' is clicked on

24-07-2024T16:53:11 - [TEST_STEP][PASSED] - verifyElementText(findTestObject("Object Repository/Udemy Healthcare Site/Page_CURA Healthcare Service/h2_Appointment Confirmation"), "Appointment Confirmation"): Actual text and expected text of test object 'Object Repository/Udemy Healthcare Site/Page_CURA Healthcare Service/h2_Appointment Confirmation' are matched.

24-07-2024T16:53:12 - [MESSAGE][PASSED] - Actual text and expected text of test object 'Object Repository/Udemy Healthcare Site/Page_CURA Healthcare Service/h2_Appointment Confirmation' are matched.

24-07-2024T16:53:12 - [TEST_STEP][PASSED] - click(findTestObject("Object Repository/Udemy Healthcare Site/Page_CURA Healthcare Service/a_Go to Homepage")): Object: 'Object Repository/Udemy Healthcare Site/Page_CURA Healthcare Service/a_Go to Homepage' is clicked on

24-07-2024T16:53:13 - [MESSAGE][PASSED] - Object: 'Object Repository/Udemy Healthcare Site/Page_CURA Healthcare Service/a_Go to Homepage' is clicked on

24-07-2024T16:53:13 - [TEST_STEP][PASSED] - closeBrowser(): Browser is closed

24-07-2024T16:53:13 - [MESSAGE][PASSED] - Browser is closed]]></system-out>
         <system-err><![CDATA[]]></system-err>
      </testcase>
      <testcase name="Test Cases/TC UDEMY/TC - 004 Manual Mode" time="12.314" classname="Test Cases/TC UDEMY/TC - 004 Manual Mode" status="PASSED">
         <system-out><![CDATA[24-07-2024T16:53:13 - [TEST_CASE][PASSED] - Test Cases/TC UDEMY/TC - 004 Manual Mode: Test Cases/TC UDEMY/TC - 004 Manual Mode

24-07-2024T16:53:13 - [TEST_STEP][PASSED] - openBrowser(""): Browser is opened with url: ''

24-07-2024T16:53:14 - [MESSAGE][INFO] - Starting 'Edge Chromium' driver

24-07-2024T16:53:14 - [MESSAGE][INFO] - Action delay is set to 0 milliseconds

24-07-2024T16:53:15 - [MESSAGE][PASSED] - Browser is opened with url: ''

24-07-2024T16:53:15 - [TEST_STEP][PASSED] - navigateToUrl("https://opensource-demo.orangehrmlive.com/web/index.php/auth/login"): Navigate to 'https://opensource-demo.orangehrmlive.com/web/index.php/auth/login' successfully

24-07-2024T16:53:19 - [MESSAGE][PASSED] - Navigate to 'https://opensource-demo.orangehrmlive.com/web/index.php/auth/login' successfully

24-07-2024T16:53:19 - [TEST_STEP][PASSED] - setText(findTestObject("Udemy Orange HRM/Page_OrangeHRM/input_Username_username"), "Admin"): Text 'Admin' is set on object 'Object Repository/Udemy Orange HRM/Page_OrangeHRM/input_Username_username'

24-07-2024T16:53:20 - [MESSAGE][PASSED] - Text 'Admin' is set on object 'Object Repository/Udemy Orange HRM/Page_OrangeHRM/input_Username_username'

24-07-2024T16:53:20 - [TEST_STEP][PASSED] - setEncryptedText(findTestObject("Udemy Orange HRM/Page_OrangeHRM/input_Password_password"), "hUKwJTbofgPU9eVlw/CnDQ=="): Text ****** has been set on object 'Object Repository/Udemy Orange HRM/Page_OrangeHRM/input_Password_password'

24-07-2024T16:53:21 - [MESSAGE][PASSED] - Text ****** has been set on object 'Object Repository/Udemy Orange HRM/Page_OrangeHRM/input_Password_password'

24-07-2024T16:53:21 - [TEST_STEP][PASSED] - click(findTestObject("Udemy Orange HRM/Page_OrangeHRM/button_Login")): Object: 'Object Repository/Udemy Orange HRM/Page_OrangeHRM/button_Login' is clicked on

24-07-2024T16:53:23 - [MESSAGE][PASSED] - Object: 'Object Repository/Udemy Orange HRM/Page_OrangeHRM/button_Login' is clicked on

24-07-2024T16:53:23 - [TEST_STEP][PASSED] - verifyTextPresent("Dashboard", false): Text 'Dashboard' is present on page 

24-07-2024T16:53:25 - [MESSAGE][PASSED] - Text 'Dashboard' is present on page 

24-07-2024T16:53:25 - [TEST_STEP][PASSED] - closeBrowser(): Browser is closed

24-07-2024T16:53:26 - [MESSAGE][PASSED] - Browser is closed]]></system-out>
         <system-err><![CDATA[]]></system-err>
      </testcase>
      <testcase name="Test Cases/TC UDEMY/TC - 005 Script Mode" time="10.707" classname="Test Cases/TC UDEMY/TC - 005 Script Mode" status="PASSED">
         <system-out><![CDATA[24-07-2024T16:53:26 - [TEST_CASE][PASSED] - Test Cases/TC UDEMY/TC - 005 Script Mode: Test Cases/TC UDEMY/TC - 005 Script Mode

24-07-2024T16:53:26 - [TEST_STEP][PASSED] - openBrowser(""): Browser is opened with url: ''

24-07-2024T16:53:26 - [MESSAGE][INFO] - Starting 'Edge Chromium' driver

24-07-2024T16:53:26 - [MESSAGE][INFO] - Action delay is set to 0 milliseconds

24-07-2024T16:53:28 - [MESSAGE][PASSED] - Browser is opened with url: ''

24-07-2024T16:53:28 - [TEST_STEP][PASSED] - navigateToUrl("https://opensource-demo.orangehrmlive.com/web/index.php/auth/login"): Navigate to 'https://opensource-demo.orangehrmlive.com/web/index.php/auth/login' successfully

24-07-2024T16:53:31 - [MESSAGE][PASSED] - Navigate to 'https://opensource-demo.orangehrmlive.com/web/index.php/auth/login' successfully

24-07-2024T16:53:31 - [TEST_STEP][PASSED] - setText(findTestObject("Object Repository/Udemy Orange HRM/Page_OrangeHRM/input_Username_username"), "Admin"): Text 'Admin' is set on object 'Object Repository/Udemy Orange HRM/Page_OrangeHRM/input_Username_username'

24-07-2024T16:53:33 - [MESSAGE][PASSED] - Text 'Admin' is set on object 'Object Repository/Udemy Orange HRM/Page_OrangeHRM/input_Username_username'

24-07-2024T16:53:33 - [TEST_STEP][PASSED] - setEncryptedText(findTestObject("Object Repository/Udemy Orange HRM/Page_OrangeHRM/input_Password_password"), "hUKwJTbofgPU9eVlw/CnDQ=="): Text ****** has been set on object 'Object Repository/Udemy Orange HRM/Page_OrangeHRM/input_Password_password'

24-07-2024T16:53:33 - [MESSAGE][PASSED] - Text ****** has been set on object 'Object Repository/Udemy Orange HRM/Page_OrangeHRM/input_Password_password'

24-07-2024T16:53:33 - [TEST_STEP][PASSED] - click(findTestObject("Object Repository/Udemy Orange HRM/Page_OrangeHRM/button_Login")): Object: 'Object Repository/Udemy Orange HRM/Page_OrangeHRM/button_Login' is clicked on

24-07-2024T16:53:35 - [MESSAGE][PASSED] - Object: 'Object Repository/Udemy Orange HRM/Page_OrangeHRM/button_Login' is clicked on

24-07-2024T16:53:35 - [TEST_STEP][PASSED] - verifyTextPresent("Dashboard", false): Text 'Dashboard' is present on page 

24-07-2024T16:53:36 - [MESSAGE][PASSED] - Text 'Dashboard' is present on page 

24-07-2024T16:53:36 - [TEST_STEP][PASSED] - closeBrowser(): Browser is closed

24-07-2024T16:53:36 - [MESSAGE][PASSED] - Browser is closed]]></system-out>
         <system-err><![CDATA[]]></system-err>
      </testcase>
      <system-out><![CDATA[24-07-2024T16:52:48 - [TEST_SUITE][PASSED] - TS-001: Test Cases/TC UDEMY/TC - 005 Script Mode]]></system-out>
      <system-err><![CDATA[]]></system-err>
   </testsuite>
   <testsuite name="TS-001" tests="3" failures="0" errors="0" time="51.365" skipped="0" timestamp="24-07-2024T16:52:50" hostname="scarl - Sanchita" id="Test Suites/TS-002 UDEMY/TS-001">
      <properties>
         <property name="deviceName" value=""/>
         <property name="devicePlatform"/>
         <property name="logFolder" value="D:\\KatalonStudio\\UdemyProject\\KatalonTrainingProject\\Reports\\20240724_165226\\TS-002 UDEMY\\TS-001\\20240724_165231"/>
         <property name="logFiles" value="D:\\KatalonStudio\\UdemyProject\\KatalonTrainingProject\\Reports\\20240724_165226\\TS-002 UDEMY\\TS-001\\20240724_165231\\execution0.log"/>
         <property name="attachments" value=""/>
         <property name="hostName" value="scarl - Sanchita"/>
         <property name="os" value="Windows 11 64bit"/>
         <property name="katalonVersion" value="9.6.0.217"/>
         <property name="browser" value="Edge Chromium 126"/>
         <property name="hostAddress" value="192.168.1.140"/>
         <property name="sessionId" value="7c8106fabfecc74b08cdec47b58971c0"/>
         <property name="seleniumVersion" value="3.141.59"/>
         <property name="proxyInformation" value="ProxyInformation { proxyOption=NO_PROXY, proxyServerType=HTTP, username=, password=********, proxyServerAddress=, proxyServerPort=0, executionList=&quot;&quot;, isApplyToDesiredCapabilities=true }"/>
         <property name="platform" value="Windows 11"/>
      </properties>
      <testcase name="Test Cases/TC UDEMY/TC - 003 Record Mode" time="25.516" classname="Test Cases/TC UDEMY/TC - 003 Record Mode" status="PASSED">
         <system-out><![CDATA[24-07-2024T16:52:50 - [TEST_CASE][PASSED] - Test Cases/TC UDEMY/TC - 003 Record Mode: Test Cases/TC UDEMY/TC - 003 Record Mode

24-07-2024T16:52:51 - [TEST_STEP][PASSED] - openBrowser(""): Browser is opened with url: ''

24-07-2024T16:52:52 - [MESSAGE][INFO] - Starting 'Edge Chromium' driver

24-07-2024T16:52:54 - [MESSAGE][INFO] - Action delay is set to 0 milliseconds

24-07-2024T16:52:57 - [MESSAGE][PASSED] - Browser is opened with url: ''

24-07-2024T16:52:57 - [TEST_STEP][PASSED] - navigateToUrl("https://katalon-demo-cura.herokuapp.com/"): Navigate to 'https://katalon-demo-cura.herokuapp.com/' successfully

24-07-2024T16:53:00 - [MESSAGE][PASSED] - Navigate to 'https://katalon-demo-cura.herokuapp.com/' successfully

24-07-2024T16:53:00 - [TEST_STEP][PASSED] - click(findTestObject("Object Repository/Udemy Healthcare Site/Page_CURA Healthcare Service/a_Make Appointment")): Object: 'Object Repository/Udemy Healthcare Site/Page_CURA Healthcare Service/a_Make Appointment' is clicked on

24-07-2024T16:53:02 - [MESSAGE][PASSED] - Object: 'Object Repository/Udemy Healthcare Site/Page_CURA Healthcare Service/a_Make Appointment' is clicked on

24-07-2024T16:53:02 - [TEST_STEP][PASSED] - setText(findTestObject("Object Repository/Udemy Healthcare Site/Page_CURA Healthcare Service/input_Username_username"), "John Doe"): Text 'John Doe' is set on object 'Object Repository/Udemy Healthcare Site/Page_CURA Healthcare Service/input_Username_username'

24-07-2024T16:53:05 - [MESSAGE][PASSED] - Text 'John Doe' is set on object 'Object Repository/Udemy Healthcare Site/Page_CURA Healthcare Service/input_Username_username'

24-07-2024T16:53:05 - [TEST_STEP][PASSED] - click(findTestObject("Object Repository/Udemy Healthcare Site/Page_CURA Healthcare Service/input_Username_username")): Object: 'Object Repository/Udemy Healthcare Site/Page_CURA Healthcare Service/input_Username_username' is clicked on

24-07-2024T16:53:06 - [MESSAGE][PASSED] - Object: 'Object Repository/Udemy Healthcare Site/Page_CURA Healthcare Service/input_Username_username' is clicked on

24-07-2024T16:53:06 - [TEST_STEP][PASSED] - setEncryptedText(findTestObject("Object Repository/Udemy Healthcare Site/Page_CURA Healthcare Service/input_Password_password"), "g3/DOGG74jC3Flrr3yH+3D/yKbOqqUNM"): Text ****** has been set on object 'Object Repository/Udemy Healthcare Site/Page_CURA Healthcare Service/input_Password_password'

24-07-2024T16:53:07 - [MESSAGE][PASSED] - Text ****** has been set on object 'Object Repository/Udemy Healthcare Site/Page_CURA Healthcare Service/input_Password_password'

24-07-2024T16:53:07 - [TEST_STEP][PASSED] - click(findTestObject("Object Repository/Udemy Healthcare Site/Page_CURA Healthcare Service/button_Login")): Object: 'Object Repository/Udemy Healthcare Site/Page_CURA Healthcare Service/button_Login' is clicked on

24-07-2024T16:53:08 - [MESSAGE][PASSED] - Object: 'Object Repository/Udemy Healthcare Site/Page_CURA Healthcare Service/button_Login' is clicked on

24-07-2024T16:53:08 - [TEST_STEP][PASSED] - selectOptionByValue(findTestObject("Object Repository/Udemy Healthcare Site/Page_CURA Healthcare Service/select_Tokyo CURA Healthcare Center        _5b4107"), "Hongkong CURA Healthcare Center", true): All options with value 'Hongkong CURA Healthcare Center' are selected in object 'Object Repository/Udemy Healthcare Site/Page_CURA Healthcare Service/select_Tokyo CURA Healthcare Center        _5b4107'  using regular expression

24-07-2024T16:53:09 - [MESSAGE][PASSED] - All options with value 'Hongkong CURA Healthcare Center' are selected in object 'Object Repository/Udemy Healthcare Site/Page_CURA Healthcare Service/select_Tokyo CURA Healthcare Center        _5b4107'  using regular expression

24-07-2024T16:53:09 - [TEST_STEP][PASSED] - click(findTestObject("Object Repository/Udemy Healthcare Site/Page_CURA Healthcare Service/input_Apply for hospital readmission_hospit_63901f")): Object: 'Object Repository/Udemy Healthcare Site/Page_CURA Healthcare Service/input_Apply for hospital readmission_hospit_63901f' is clicked on

24-07-2024T16:53:10 - [MESSAGE][PASSED] - Object: 'Object Repository/Udemy Healthcare Site/Page_CURA Healthcare Service/input_Apply for hospital readmission_hospit_63901f' is clicked on

24-07-2024T16:53:10 - [TEST_STEP][PASSED] - click(findTestObject("Object Repository/Udemy Healthcare Site/Page_CURA Healthcare Service/input_Medicaid_programs")): Object: 'Object Repository/Udemy Healthcare Site/Page_CURA Healthcare Service/input_Medicaid_programs' is clicked on

24-07-2024T16:53:10 - [MESSAGE][PASSED] - Object: 'Object Repository/Udemy Healthcare Site/Page_CURA Healthcare Service/input_Medicaid_programs' is clicked on

24-07-2024T16:53:10 - [TEST_STEP][PASSED] - click(findTestObject("Object Repository/Udemy Healthcare Site/Page_CURA Healthcare Service/span_Visit Date (Required)_glyphicon glyphi_cada34")): Object: 'Object Repository/Udemy Healthcare Site/Page_CURA Healthcare Service/span_Visit Date (Required)_glyphicon glyphi_cada34' is clicked on

24-07-2024T16:53:10 - [MESSAGE][PASSED] - Object: 'Object Repository/Udemy Healthcare Site/Page_CURA Healthcare Service/span_Visit Date (Required)_glyphicon glyphi_cada34' is clicked on

24-07-2024T16:53:10 - [TEST_STEP][PASSED] - click(findTestObject("Object Repository/Udemy Healthcare Site/Page_CURA Healthcare Service/td_31")): Object: 'Object Repository/Udemy Healthcare Site/Page_CURA Healthcare Service/td_31' is clicked on

24-07-2024T16:53:11 - [MESSAGE][PASSED] - Object: 'Object Repository/Udemy Healthcare Site/Page_CURA Healthcare Service/td_31' is clicked on

24-07-2024T16:53:11 - [TEST_STEP][PASSED] - setText(findTestObject("Object Repository/Udemy Healthcare Site/Page_CURA Healthcare Service/textarea_Comment_comment"), "This is a sample comment."): Text 'This is a sample comment.' is set on object 'Object Repository/Udemy Healthcare Site/Page_CURA Healthcare Service/textarea_Comment_comment'

24-07-2024T16:53:12 - [MESSAGE][PASSED] - Text 'This is a sample comment.' is set on object 'Object Repository/Udemy Healthcare Site/Page_CURA Healthcare Service/textarea_Comment_comment'

24-07-2024T16:53:12 - [TEST_STEP][PASSED] - click(findTestObject("Object Repository/Udemy Healthcare Site/Page_CURA Healthcare Service/button_Book Appointment")): Object: 'Object Repository/Udemy Healthcare Site/Page_CURA Healthcare Service/button_Book Appointment' is clicked on

24-07-2024T16:53:13 - [MESSAGE][PASSED] - Object: 'Object Repository/Udemy Healthcare Site/Page_CURA Healthcare Service/button_Book Appointment' is clicked on

24-07-2024T16:53:13 - [TEST_STEP][PASSED] - verifyElementText(findTestObject("Object Repository/Udemy Healthcare Site/Page_CURA Healthcare Service/h2_Appointment Confirmation"), "Appointment Confirmation"): Actual text and expected text of test object 'Object Repository/Udemy Healthcare Site/Page_CURA Healthcare Service/h2_Appointment Confirmation' are matched.

24-07-2024T16:53:13 - [MESSAGE][PASSED] - Actual text and expected text of test object 'Object Repository/Udemy Healthcare Site/Page_CURA Healthcare Service/h2_Appointment Confirmation' are matched.

24-07-2024T16:53:13 - [TEST_STEP][PASSED] - click(findTestObject("Object Repository/Udemy Healthcare Site/Page_CURA Healthcare Service/a_Go to Homepage")): Object: 'Object Repository/Udemy Healthcare Site/Page_CURA Healthcare Service/a_Go to Homepage' is clicked on

24-07-2024T16:53:14 - [MESSAGE][PASSED] - Object: 'Object Repository/Udemy Healthcare Site/Page_CURA Healthcare Service/a_Go to Homepage' is clicked on

24-07-2024T16:53:14 - [TEST_STEP][PASSED] - closeBrowser(): Browser is closed

24-07-2024T16:53:15 - [MESSAGE][PASSED] - Browser is closed]]></system-out>
         <system-err><![CDATA[]]></system-err>
      </testcase>
      <testcase name="Test Cases/TC UDEMY/TC - 004 Manual Mode" time="14.773" classname="Test Cases/TC UDEMY/TC - 004 Manual Mode" status="PASSED">
         <system-out><![CDATA[24-07-2024T16:53:15 - [TEST_CASE][PASSED] - Test Cases/TC UDEMY/TC - 004 Manual Mode: Test Cases/TC UDEMY/TC - 004 Manual Mode

24-07-2024T16:53:16 - [TEST_STEP][PASSED] - openBrowser(""): Browser is opened with url: ''

24-07-2024T16:53:16 - [MESSAGE][INFO] - Starting 'Edge Chromium' driver

24-07-2024T16:53:18 - [MESSAGE][INFO] - Action delay is set to 0 milliseconds

24-07-2024T16:53:19 - [MESSAGE][PASSED] - Browser is opened with url: ''

24-07-2024T16:53:19 - [TEST_STEP][PASSED] - navigateToUrl("https://opensource-demo.orangehrmlive.com/web/index.php/auth/login"): Navigate to 'https://opensource-demo.orangehrmlive.com/web/index.php/auth/login' successfully

24-07-2024T16:53:23 - [MESSAGE][PASSED] - Navigate to 'https://opensource-demo.orangehrmlive.com/web/index.php/auth/login' successfully

24-07-2024T16:53:23 - [TEST_STEP][PASSED] - setText(findTestObject("Udemy Orange HRM/Page_OrangeHRM/input_Username_username"), "Admin"): Text 'Admin' is set on object 'Object Repository/Udemy Orange HRM/Page_OrangeHRM/input_Username_username'

24-07-2024T16:53:25 - [MESSAGE][PASSED] - Text 'Admin' is set on object 'Object Repository/Udemy Orange HRM/Page_OrangeHRM/input_Username_username'

24-07-2024T16:53:25 - [TEST_STEP][PASSED] - setEncryptedText(findTestObject("Udemy Orange HRM/Page_OrangeHRM/input_Password_password"), "hUKwJTbofgPU9eVlw/CnDQ=="): Text ****** has been set on object 'Object Repository/Udemy Orange HRM/Page_OrangeHRM/input_Password_password'

24-07-2024T16:53:26 - [MESSAGE][PASSED] - Text ****** has been set on object 'Object Repository/Udemy Orange HRM/Page_OrangeHRM/input_Password_password'

24-07-2024T16:53:26 - [TEST_STEP][PASSED] - click(findTestObject("Udemy Orange HRM/Page_OrangeHRM/button_Login")): Object: 'Object Repository/Udemy Orange HRM/Page_OrangeHRM/button_Login' is clicked on

24-07-2024T16:53:28 - [MESSAGE][PASSED] - Object: 'Object Repository/Udemy Orange HRM/Page_OrangeHRM/button_Login' is clicked on

24-07-2024T16:53:28 - [TEST_STEP][PASSED] - verifyTextPresent("Dashboard", false): Text 'Dashboard' is present on page 

24-07-2024T16:53:29 - [MESSAGE][PASSED] - Text 'Dashboard' is present on page 

24-07-2024T16:53:29 - [TEST_STEP][PASSED] - closeBrowser(): Browser is closed

24-07-2024T16:53:30 - [MESSAGE][PASSED] - Browser is closed]]></system-out>
         <system-err><![CDATA[]]></system-err>
      </testcase>
      <testcase name="Test Cases/TC UDEMY/TC - 005 Script Mode" time="10.625" classname="Test Cases/TC UDEMY/TC - 005 Script Mode" status="PASSED">
         <system-out><![CDATA[24-07-2024T16:53:30 - [TEST_CASE][PASSED] - Test Cases/TC UDEMY/TC - 005 Script Mode: Test Cases/TC UDEMY/TC - 005 Script Mode

24-07-2024T16:53:30 - [TEST_STEP][PASSED] - openBrowser(""): Browser is opened with url: ''

24-07-2024T16:53:30 - [MESSAGE][INFO] - Starting 'Edge Chromium' driver

24-07-2024T16:53:32 - [MESSAGE][INFO] - Action delay is set to 0 milliseconds

24-07-2024T16:53:33 - [MESSAGE][PASSED] - Browser is opened with url: ''

24-07-2024T16:53:33 - [TEST_STEP][PASSED] - navigateToUrl("https://opensource-demo.orangehrmlive.com/web/index.php/auth/login"): Navigate to 'https://opensource-demo.orangehrmlive.com/web/index.php/auth/login' successfully

24-07-2024T16:53:36 - [MESSAGE][PASSED] - Navigate to 'https://opensource-demo.orangehrmlive.com/web/index.php/auth/login' successfully

24-07-2024T16:53:36 - [TEST_STEP][PASSED] - setText(findTestObject("Object Repository/Udemy Orange HRM/Page_OrangeHRM/input_Username_username"), "Admin"): Text 'Admin' is set on object 'Object Repository/Udemy Orange HRM/Page_OrangeHRM/input_Username_username'

24-07-2024T16:53:38 - [MESSAGE][PASSED] - Text 'Admin' is set on object 'Object Repository/Udemy Orange HRM/Page_OrangeHRM/input_Username_username'

24-07-2024T16:53:38 - [TEST_STEP][PASSED] - setEncryptedText(findTestObject("Object Repository/Udemy Orange HRM/Page_OrangeHRM/input_Password_password"), "hUKwJTbofgPU9eVlw/CnDQ=="): Text ****** has been set on object 'Object Repository/Udemy Orange HRM/Page_OrangeHRM/input_Password_password'

24-07-2024T16:53:38 - [MESSAGE][PASSED] - Text ****** has been set on object 'Object Repository/Udemy Orange HRM/Page_OrangeHRM/input_Password_password'

24-07-2024T16:53:38 - [TEST_STEP][PASSED] - click(findTestObject("Object Repository/Udemy Orange HRM/Page_OrangeHRM/button_Login")): Object: 'Object Repository/Udemy Orange HRM/Page_OrangeHRM/button_Login' is clicked on

24-07-2024T16:53:40 - [MESSAGE][PASSED] - Object: 'Object Repository/Udemy Orange HRM/Page_OrangeHRM/button_Login' is clicked on

24-07-2024T16:53:40 - [TEST_STEP][PASSED] - verifyTextPresent("Dashboard", false): Text 'Dashboard' is present on page 

24-07-2024T16:53:41 - [MESSAGE][PASSED] - Text 'Dashboard' is present on page 

24-07-2024T16:53:41 - [TEST_STEP][PASSED] - closeBrowser(): Browser is closed

24-07-2024T16:53:41 - [MESSAGE][PASSED] - Browser is closed]]></system-out>
         <system-err><![CDATA[]]></system-err>
      </testcase>
      <system-out><![CDATA[24-07-2024T16:52:50 - [TEST_SUITE][PASSED] - TS-001: Test Cases/TC UDEMY/TC - 005 Script Mode]]></system-out>
      <system-err><![CDATA[]]></system-err>
   </testsuite>
</testsuites>
