<?xml version="1.0" encoding="UTF-8"?>
<testsuites name="TestSuitTraining" time="37.746" tests="2" failures="0" errors="0">
   <testsuite name="TestSuitTraining" tests="2" failures="0" errors="0" time="37.746" skipped="0" timestamp="24-07-2024T16:49:15" hostname="scarl - Sanchita" id="Test Suites/TestSuitTraining">
      <properties>
         <property name="deviceName" value=""/>
         <property name="devicePlatform"/>
         <property name="logFolder" value="D:\\KatalonStudio\\UdemyProject\\KatalonTrainingProject\\Reports\\20240724_164852\\TestSuitTraining\\20240724_164853"/>
         <property name="logFiles" value="D:\\KatalonStudio\\UdemyProject\\KatalonTrainingProject\\Reports\\20240724_164852\\TestSuitTraining\\20240724_164853\\execution0.log"/>
         <property name="attachments" value=""/>
         <property name="hostName" value="scarl - Sanchita"/>
         <property name="os" value="Windows 11 64bit"/>
         <property name="katalonVersion" value="9.6.0.217"/>
         <property name="browser" value="Edge Chromium 126"/>
         <property name="hostAddress" value="192.168.1.140"/>
         <property name="sessionId" value="b7ff670afab6447f67c170af53801183"/>
         <property name="seleniumVersion" value="3.141.59"/>
         <property name="proxyInformation" value="ProxyInformation { proxyOption=NO_PROXY, proxyServerType=HTTP, username=, password=********, proxyServerAddress=, proxyServerPort=0, executionList=&quot;&quot;, isApplyToDesiredCapabilities=true }"/>
         <property name="platform" value="Windows 11"/>
      </properties>
      <testcase name="Test Cases/TC YT/TC-001" time="26.782" classname="Test Cases/TC YT/TC-001" status="PASSED">
         <system-out><![CDATA[24-07-2024T16:49:16 - [TEST_CASE][PASSED] - Test Cases/TC YT/TC-001: Test Cases/TC YT/TC-001

24-07-2024T16:49:18 - [TEST_STEP][PASSED] - openBrowser(""): Browser is opened with url: ''

24-07-2024T16:49:19 - [MESSAGE][INFO] - Starting 'Edge Chromium' driver

24-07-2024T16:49:23 - [MESSAGE][INFO] - Action delay is set to 0 milliseconds

24-07-2024T16:49:26 - [MESSAGE][PASSED] - Browser is opened with url: ''

24-07-2024T16:49:26 - [TEST_STEP][PASSED] - navigateToUrl("https://katalon-demo-cura.herokuapp.com/"): Navigate to 'https://katalon-demo-cura.herokuapp.com/' successfully

24-07-2024T16:49:29 - [MESSAGE][PASSED] - Navigate to 'https://katalon-demo-cura.herokuapp.com/' successfully

24-07-2024T16:49:29 - [TEST_STEP][PASSED] - click(findTestObject("Object Repository/Page_CURA Healthcare Service/a_Make Appointment")): Object: 'Object Repository/Page_CURA Healthcare Service/a_Make Appointment' is clicked on

24-07-2024T16:49:30 - [MESSAGE][PASSED] - Object: 'Object Repository/Page_CURA Healthcare Service/a_Make Appointment' is clicked on

24-07-2024T16:49:30 - [TEST_STEP][PASSED] - doubleClick(findTestObject("Object Repository/Page_CURA Healthcare Service/input_Demo account_form-control")): Object: 'Object Repository/Page_CURA Healthcare Service/input_Demo account_form-control' is double clicked on

24-07-2024T16:49:31 - [MESSAGE][PASSED] - Object: 'Object Repository/Page_CURA Healthcare Service/input_Demo account_form-control' is double clicked on

24-07-2024T16:49:31 - [TEST_STEP][PASSED] - click(findTestObject("Object Repository/Page_CURA Healthcare Service/input_Demo account_form-control")): Object: 'Object Repository/Page_CURA Healthcare Service/input_Demo account_form-control' is clicked on

24-07-2024T16:49:32 - [MESSAGE][PASSED] - Object: 'Object Repository/Page_CURA Healthcare Service/input_Demo account_form-control' is clicked on

24-07-2024T16:49:32 - [TEST_STEP][PASSED] - setText(findTestObject("Object Repository/Page_CURA Healthcare Service/input_Username_username"), "John Doe"): Text 'John Doe' is set on object 'Object Repository/Page_CURA Healthcare Service/input_Username_username'

24-07-2024T16:49:34 - [MESSAGE][PASSED] - Text 'John Doe' is set on object 'Object Repository/Page_CURA Healthcare Service/input_Username_username'

24-07-2024T16:49:34 - [TEST_STEP][PASSED] - setEncryptedText(findTestObject("Object Repository/Page_CURA Healthcare Service/input_Password_password"), "g3/DOGG74jC3Flrr3yH+3D/yKbOqqUNM"): Text ****** has been set on object 'Object Repository/Page_CURA Healthcare Service/input_Password_password'

24-07-2024T16:49:35 - [MESSAGE][PASSED] - Text ****** has been set on object 'Object Repository/Page_CURA Healthcare Service/input_Password_password'

24-07-2024T16:49:35 - [TEST_STEP][PASSED] - verifyElementPresent(findTestObject("Object Repository/Page_CURA Healthcare Service/button_Login"), 0): Object 'Object Repository/Page_CURA Healthcare Service/button_Login' is present

24-07-2024T16:49:35 - [MESSAGE][WARNING] - Timeout '0' is invalid. Using default page load timeout: '30'

24-07-2024T16:49:35 - [MESSAGE][PASSED] - Object 'Object Repository/Page_CURA Healthcare Service/button_Login' is present

24-07-2024T16:49:35 - [TEST_STEP][PASSED] - click(findTestObject("Object Repository/Page_CURA Healthcare Service/button_Login")): Object: 'Object Repository/Page_CURA Healthcare Service/button_Login' is clicked on

24-07-2024T16:49:36 - [MESSAGE][PASSED] - Object: 'Object Repository/Page_CURA Healthcare Service/button_Login' is clicked on

24-07-2024T16:49:36 - [TEST_STEP][PASSED] - selectOptionByValue(findTestObject("Object Repository/Page_CURA Healthcare Service/select_Tokyo CURA Healthcare Center        _5b4107"), "Hongkong CURA Healthcare Center", true): All options with value 'Hongkong CURA Healthcare Center' are selected in object 'Object Repository/Page_CURA Healthcare Service/select_Tokyo CURA Healthcare Center        _5b4107'  using regular expression

24-07-2024T16:49:37 - [MESSAGE][PASSED] - All options with value 'Hongkong CURA Healthcare Center' are selected in object 'Object Repository/Page_CURA Healthcare Service/select_Tokyo CURA Healthcare Center        _5b4107'  using regular expression

24-07-2024T16:49:37 - [TEST_STEP][PASSED] - click(findTestObject("Object Repository/Page_CURA Healthcare Service/div_Visit Date (Required)_input-group-addon")): Object: 'Object Repository/Page_CURA Healthcare Service/div_Visit Date (Required)_input-group-addon' is clicked on

24-07-2024T16:49:38 - [MESSAGE][PASSED] - Object: 'Object Repository/Page_CURA Healthcare Service/div_Visit Date (Required)_input-group-addon' is clicked on

24-07-2024T16:49:38 - [TEST_STEP][PASSED] - click(findTestObject("Object Repository/Page_CURA Healthcare Service/td_15")): Object: 'Object Repository/Page_CURA Healthcare Service/td_15' is clicked on

24-07-2024T16:49:39 - [MESSAGE][PASSED] - Object: 'Object Repository/Page_CURA Healthcare Service/td_15' is clicked on

24-07-2024T16:49:39 - [TEST_STEP][PASSED] - setText(findTestObject("Object Repository/Page_CURA Healthcare Service/textarea_Comment_comment"), "This is  a comment."): Text 'This is  a comment.' is set on object 'Object Repository/Page_CURA Healthcare Service/textarea_Comment_comment'

24-07-2024T16:49:40 - [MESSAGE][PASSED] - Text 'This is  a comment.' is set on object 'Object Repository/Page_CURA Healthcare Service/textarea_Comment_comment'

24-07-2024T16:49:40 - [TEST_STEP][PASSED] - verifyElementPresent(findTestObject("Object Repository/Page_CURA Healthcare Service/button_Book Appointment"), 0): Object 'Object Repository/Page_CURA Healthcare Service/button_Book Appointment' is present

24-07-2024T16:49:40 - [MESSAGE][WARNING] - Timeout '0' is invalid. Using default page load timeout: '30'

24-07-2024T16:49:40 - [MESSAGE][PASSED] - Object 'Object Repository/Page_CURA Healthcare Service/button_Book Appointment' is present

24-07-2024T16:49:40 - [TEST_STEP][PASSED] - click(findTestObject("Object Repository/Page_CURA Healthcare Service/button_Book Appointment")): Object: 'Object Repository/Page_CURA Healthcare Service/button_Book Appointment' is clicked on

24-07-2024T16:49:40 - [MESSAGE][PASSED] - Object: 'Object Repository/Page_CURA Healthcare Service/button_Book Appointment' is clicked on

24-07-2024T16:49:41 - [TEST_STEP][PASSED] - doubleClick(findTestObject("Object Repository/Page_CURA Healthcare Service/p_Hongkong CURA Healthcare Center")): Object: 'Object Repository/Page_CURA Healthcare Service/p_Hongkong CURA Healthcare Center' is double clicked on

24-07-2024T16:49:41 - [MESSAGE][PASSED] - Object: 'Object Repository/Page_CURA Healthcare Service/p_Hongkong CURA Healthcare Center' is double clicked on

24-07-2024T16:49:41 - [TEST_STEP][PASSED] - verifyElementText(findTestObject("Object Repository/Page_CURA Healthcare Service/p_Hongkong CURA Healthcare Center"), "Hongkong CURA Healthcare Center"): Actual text and expected text of test object 'Object Repository/Page_CURA Healthcare Service/p_Hongkong CURA Healthcare Center' are matched.

24-07-2024T16:49:41 - [MESSAGE][PASSED] - Actual text and expected text of test object 'Object Repository/Page_CURA Healthcare Service/p_Hongkong CURA Healthcare Center' are matched.

24-07-2024T16:49:41 - [TEST_STEP][PASSED] - click(findTestObject("Object Repository/Page_CURA Healthcare Service/a_Go to Homepage")): Object: 'Object Repository/Page_CURA Healthcare Service/a_Go to Homepage' is clicked on

24-07-2024T16:49:42 - [MESSAGE][PASSED] - Object: 'Object Repository/Page_CURA Healthcare Service/a_Go to Homepage' is clicked on

24-07-2024T16:49:42 - [TEST_STEP][PASSED] - closeBrowser(): Browser is closed

24-07-2024T16:49:43 - [MESSAGE][PASSED] - Browser is closed]]></system-out>
         <system-err><![CDATA[]]></system-err>
      </testcase>
      <testcase name="Test Cases/TC YT/TC-002" time="9.97" classname="Test Cases/TC YT/TC-002" status="PASSED">
         <system-out><![CDATA[24-07-2024T16:49:43 - [TEST_CASE][PASSED] - Test Cases/TC YT/TC-002: Test Cases/TC YT/TC-002

24-07-2024T16:49:43 - [TEST_STEP][PASSED] - openBrowser(""): Browser is opened with url: ''

24-07-2024T16:49:43 - [MESSAGE][INFO] - Starting 'Edge Chromium' driver

24-07-2024T16:49:43 - [MESSAGE][INFO] - Action delay is set to 0 milliseconds

24-07-2024T16:49:44 - [MESSAGE][PASSED] - Browser is opened with url: ''

24-07-2024T16:49:44 - [TEST_STEP][PASSED] - navigateToUrl("https://katalon-demo-cura.herokuapp.com/"): Navigate to 'https://katalon-demo-cura.herokuapp.com/' successfully

24-07-2024T16:49:47 - [MESSAGE][PASSED] - Navigate to 'https://katalon-demo-cura.herokuapp.com/' successfully

24-07-2024T16:49:47 - [TEST_STEP][PASSED] - click(findTestObject("Object Repository/Page_CURA Healthcare Service/a_Make Appointment (1)")): Object: 'Object Repository/Page_CURA Healthcare Service/a_Make Appointment (1)' is clicked on

24-07-2024T16:49:48 - [MESSAGE][PASSED] - Object: 'Object Repository/Page_CURA Healthcare Service/a_Make Appointment (1)' is clicked on

24-07-2024T16:49:48 - [TEST_STEP][PASSED] - setText(findTestObject("Object Repository/Page_CURA Healthcare Service/input_Username_username (1)"), "John Doe"): Text 'John Doe' is set on object 'Object Repository/Page_CURA Healthcare Service/input_Username_username (1)'

24-07-2024T16:49:49 - [MESSAGE][PASSED] - Text 'John Doe' is set on object 'Object Repository/Page_CURA Healthcare Service/input_Username_username (1)'

24-07-2024T16:49:49 - [TEST_STEP][PASSED] - setEncryptedText(findTestObject("Object Repository/Page_CURA Healthcare Service/input_Password_password (1)"), "g3/DOGG74jC3Flrr3yH+3D/yKbOqqUNM"): Text ****** has been set on object 'Object Repository/Page_CURA Healthcare Service/input_Password_password (1)'

24-07-2024T16:49:49 - [MESSAGE][PASSED] - Text ****** has been set on object 'Object Repository/Page_CURA Healthcare Service/input_Password_password (1)'

24-07-2024T16:49:49 - [TEST_STEP][PASSED] - click(findTestObject("Object Repository/Page_CURA Healthcare Service/button_Login (1)")): Object: 'Object Repository/Page_CURA Healthcare Service/button_Login (1)' is clicked on

24-07-2024T16:49:51 - [MESSAGE][PASSED] - Object: 'Object Repository/Page_CURA Healthcare Service/button_Login (1)' is clicked on

24-07-2024T16:49:51 - [TEST_STEP][PASSED] - click(findTestObject("Object Repository/Page_CURA Healthcare Service/i_CURA Healthcare_fa fa-bars")): Object: 'Object Repository/Page_CURA Healthcare Service/i_CURA Healthcare_fa fa-bars' is clicked on

24-07-2024T16:49:52 - [MESSAGE][PASSED] - Object: 'Object Repository/Page_CURA Healthcare Service/i_CURA Healthcare_fa fa-bars' is clicked on

24-07-2024T16:49:52 - [TEST_STEP][PASSED] - verifyElementPresent(findTestObject("Object Repository/Page_CURA Healthcare Service/a_Logout"), 0): Object 'Object Repository/Page_CURA Healthcare Service/a_Logout' is present

24-07-2024T16:49:52 - [MESSAGE][WARNING] - Timeout '0' is invalid. Using default page load timeout: '30'

24-07-2024T16:49:52 - [MESSAGE][PASSED] - Object 'Object Repository/Page_CURA Healthcare Service/a_Logout' is present

24-07-2024T16:49:52 - [TEST_STEP][PASSED] - closeBrowser(): Browser is closed

24-07-2024T16:49:53 - [MESSAGE][PASSED] - Browser is closed]]></system-out>
         <system-err><![CDATA[]]></system-err>
      </testcase>
      <system-out><![CDATA[24-07-2024T16:49:15 - [TEST_SUITE][PASSED] - TestSuitTraining: Test Cases/TC YT/TC-002]]></system-out>
      <system-err><![CDATA[]]></system-err>
   </testsuite>
</testsuites>
