<?xml version="1.0" encoding="UTF-8"?>
<testsuites name="Listners" time="0.501" tests="1" failures="0" errors="0">
   <testsuite name="Listners" tests="1" failures="0" errors="0" time="0.501" skipped="0" timestamp="30-07-2024T13:16:17" hostname="scarl - Sanchita.lan" id="Test Suites/Listners">
      <properties>
         <property name="deviceName" value=""/>
         <property name="devicePlatform"/>
         <property name="logFolder" value="D:\\KatalonStudio\\UdemyProject\\KatalonTrainingProject\\Reports\\20240730_131611\\Listners\\20240730_131611"/>
         <property name="logFiles" value="D:\\KatalonStudio\\UdemyProject\\KatalonTrainingProject\\Reports\\20240730_131611\\Listners\\20240730_131611\\execution0.log"/>
         <property name="attachments" value=""/>
         <property name="hostName" value="scarl - Sanchita.lan"/>
         <property name="hostAddress" value="192.168.110.213"/>
         <property name="os" value="Windows 11 64bit"/>
         <property name="katalonVersion" value="9.6.0.217"/>
      </properties>
      <testcase name="Test Cases/TC UDEMY/Listner" time="0.212" classname="Test Cases/TC UDEMY/Listner" status="PASSED">
         <system-out><![CDATA[30-07-2024T13:16:17 - [TEST_CASE][PASSED] - Test Cases/TC UDEMY/Listner: Test Cases/TC UDEMY/Listner

30-07-2024T13:16:17 - [TEST_STEP][PASSED] - Start listener action : beforeTest: null

30-07-2024T13:16:17 - [TEST_STEP][PASSED] - println("I am inside beforeTest"): null

30-07-2024T13:16:18 - [TEST_STEP][PASSED] - println("
 I am inside the Test Case 
"): null

30-07-2024T13:16:18 - [TEST_STEP][PASSED] - Start listener action : afterTest: null

30-07-2024T13:16:18 - [TEST_STEP][PASSED] - println("I am inside afterTest"): null]]></system-out>
         <system-err><![CDATA[]]></system-err>
      </testcase>
      <system-out><![CDATA[30-07-2024T13:16:17 - [TEST_SUITE][PASSED] - Listners: Test Cases/TC UDEMY/Listner]]></system-out>
      <system-err><![CDATA[]]></system-err>
   </testsuite>
</testsuites>
