<?xml version="1.0" encoding="UTF-8"?>
<testsuites name="TS Sauce2" time="22.539" tests="2" failures="0" errors="0">
   <testsuite name="TS Sauce2" tests="2" failures="0" errors="0" time="22.539" skipped="0" timestamp="31-07-2024T12:34:24" hostname="scarl - Sanchita" id="Test Suites/TS Sauce2">
      <properties>
         <property name="deviceName" value=""/>
         <property name="devicePlatform"/>
         <property name="logFolder" value="D:\\KatalonStudio\\UdemyProject\\KatalonTrainingProject\\Reports\\20240731_123417\\TS Sauce2\\20240731_123417"/>
         <property name="logFiles" value="D:\\KatalonStudio\\UdemyProject\\KatalonTrainingProject\\Reports\\20240731_123417\\TS Sauce2\\20240731_123417\\execution0.log"/>
         <property name="attachments" value=""/>
         <property name="hostName" value="scarl - Sanchita"/>
         <property name="os" value="Windows 11 64bit"/>
         <property name="katalonVersion" value="9.6.0.217"/>
         <property name="browser" value="Chrome 127.0.0.0"/>
         <property name="hostAddress" value="192.168.1.121"/>
         <property name="sessionId" value="8f59bd0fec7e7d2461a3865e2a97b820"/>
         <property name="seleniumVersion" value="3.141.59"/>
         <property name="proxyInformation" value="ProxyInformation { proxyOption=NO_PROXY, proxyServerType=HTTP, username=, password=********, proxyServerAddress=, proxyServerPort=0, executionList=&quot;&quot;, isApplyToDesiredCapabilities=true }"/>
         <property name="platform" value="Windows 11"/>
      </properties>
      <testcase name="Test Cases/TC Dummy/SauceDLOGIN3" time="15.019" classname="Test Cases/TC Dummy/SauceDLOGIN3" status="PASSED">
         <system-out><![CDATA[31-07-2024T12:34:25 - [TEST_CASE][PASSED] - Test Cases/TC Dummy/SauceDLOGIN3: Test Cases/TC Dummy/SauceDLOGIN3

31-07-2024T12:34:25 - [TEST_STEP][PASSED] - Start listener action : beforeTest: null

31-07-2024T12:34:25 - [TEST_STEP][PASSED] - println("I am inside beforeTest"): null

31-07-2024T12:34:25 - [TEST_STEP][PASSED] - openBrowser(""): Browser is opened with url: ''

31-07-2024T12:34:26 - [MESSAGE][INFO] - Starting 'Chrome' driver

31-07-2024T12:34:26 - [MESSAGE][INFO] - Action delay is set to 0 milliseconds

31-07-2024T12:34:29 - [MESSAGE][WARNING] - FFmpeg was not installed! Browser Recording will be disabled. Please follow this document to install FFmpeg first: https://docs.katalon.com/katalon-studio/docs/screenshots-videos.html#browser-based-recorder

31-07-2024T12:34:29 - [MESSAGE][PASSED] - Browser is opened with url: ''

31-07-2024T12:34:29 - [TEST_STEP][PASSED] - navigateToUrl("https://www.saucedemo.com/"): Navigate to 'https://www.saucedemo.com/' successfully

31-07-2024T12:34:30 - [MESSAGE][PASSED] - Navigate to 'https://www.saucedemo.com/' successfully

31-07-2024T12:34:30 - [TEST_STEP][PASSED] - doubleClick(findTestObject("Object Repository/SauceD3/Page_Swag Labs/div_Accepted usernames arestandard_userlock_f87578")): Object: 'Object Repository/SauceD3/Page_Swag Labs/div_Accepted usernames arestandard_userlock_f87578' is double clicked on

31-07-2024T12:34:31 - [MESSAGE][PASSED] - Object: 'Object Repository/SauceD3/Page_Swag Labs/div_Accepted usernames arestandard_userlock_f87578' is double clicked on

31-07-2024T12:34:31 - [TEST_STEP][PASSED] - click(findTestObject("Object Repository/SauceD3/Page_Swag Labs/div_Accepted usernames arestandard_userlock_f87578")): Object: 'Object Repository/SauceD3/Page_Swag Labs/div_Accepted usernames arestandard_userlock_f87578' is clicked on

31-07-2024T12:34:32 - [MESSAGE][PASSED] - Object: 'Object Repository/SauceD3/Page_Swag Labs/div_Accepted usernames arestandard_userlock_f87578' is clicked on

31-07-2024T12:34:32 - [TEST_STEP][PASSED] - setText(findTestObject("Object Repository/SauceD3/Page_Swag Labs/input_Swag Labs_user-name"), "performance_glitch_user"): Text 'performance_glitch_user' is set on object 'Object Repository/SauceD3/Page_Swag Labs/input_Swag Labs_user-name'

31-07-2024T12:34:33 - [MESSAGE][PASSED] - Text 'performance_glitch_user' is set on object 'Object Repository/SauceD3/Page_Swag Labs/input_Swag Labs_user-name'

31-07-2024T12:34:33 - [TEST_STEP][PASSED] - doubleClick(findTestObject("Object Repository/SauceD3/Page_Swag Labs/div_Password for all userssecret_sauce")): Object: 'Object Repository/SauceD3/Page_Swag Labs/div_Password for all userssecret_sauce' is double clicked on

31-07-2024T12:34:33 - [MESSAGE][PASSED] - Object: 'Object Repository/SauceD3/Page_Swag Labs/div_Password for all userssecret_sauce' is double clicked on

31-07-2024T12:34:33 - [TEST_STEP][PASSED] - setEncryptedText(findTestObject("Object Repository/SauceD3/Page_Swag Labs/input_Swag Labs_password"), "qcu24s4901FyWDTwXGr6XA=="): Text ****** has been set on object 'Object Repository/SauceD3/Page_Swag Labs/input_Swag Labs_password'

31-07-2024T12:34:34 - [MESSAGE][PASSED] - Text ****** has been set on object 'Object Repository/SauceD3/Page_Swag Labs/input_Swag Labs_password'

31-07-2024T12:34:34 - [TEST_STEP][PASSED] - click(findTestObject("Object Repository/SauceD3/Page_Swag Labs/input_Swag Labs_login-button")): Object: 'Object Repository/SauceD3/Page_Swag Labs/input_Swag Labs_login-button' is clicked on

31-07-2024T12:34:39 - [MESSAGE][PASSED] - Object: 'Object Repository/SauceD3/Page_Swag Labs/input_Swag Labs_login-button' is clicked on

31-07-2024T12:34:39 - [TEST_STEP][PASSED] - doubleClick(findTestObject("Object Repository/SauceD3/Page_Swag Labs/div_Sauce Labs Backpackcarry.allTheThings()_da9c16")): Object: 'Object Repository/SauceD3/Page_Swag Labs/div_Sauce Labs Backpackcarry.allTheThings()_da9c16' is double clicked on

31-07-2024T12:34:40 - [MESSAGE][PASSED] - Object: 'Object Repository/SauceD3/Page_Swag Labs/div_Sauce Labs Backpackcarry.allTheThings()_da9c16' is double clicked on

31-07-2024T12:34:40 - [TEST_STEP][PASSED] - click(findTestObject("Object Repository/SauceD3/Page_Swag Labs/div_Swag Labs")): Object: 'Object Repository/SauceD3/Page_Swag Labs/div_Swag Labs' is clicked on

31-07-2024T12:34:40 - [MESSAGE][PASSED] - Object: 'Object Repository/SauceD3/Page_Swag Labs/div_Swag Labs' is clicked on

31-07-2024T12:34:40 - [TEST_STEP][PASSED] - Start listener action : afterTest: null

31-07-2024T12:34:40 - [TEST_STEP][PASSED] - println("I am inside afterTest"): null]]></system-out>
         <system-err><![CDATA[]]></system-err>
      </testcase>
      <testcase name="Test Cases/TC Dummy/SauceDLOGIN4" time="7.066" classname="Test Cases/TC Dummy/SauceDLOGIN4" status="PASSED">
         <system-out><![CDATA[31-07-2024T12:34:40 - [TEST_CASE][PASSED] - Test Cases/TC Dummy/SauceDLOGIN4: Test Cases/TC Dummy/SauceDLOGIN4

31-07-2024T12:34:40 - [TEST_STEP][PASSED] - Start listener action : beforeTest: null

31-07-2024T12:34:40 - [TEST_STEP][PASSED] - println("I am inside beforeTest"): null

31-07-2024T12:34:40 - [TEST_STEP][PASSED] - openBrowser(""): Browser is opened with url: ''

31-07-2024T12:34:40 - [MESSAGE][WARNING] - A browser is already opened. Closing browser and opening a new one

31-07-2024T12:34:41 - [MESSAGE][INFO] - Starting 'Chrome' driver

31-07-2024T12:34:41 - [MESSAGE][INFO] - Action delay is set to 0 milliseconds

31-07-2024T12:34:42 - [MESSAGE][WARNING] - FFmpeg was not installed! Browser Recording will be disabled. Please follow this document to install FFmpeg first: https://docs.katalon.com/katalon-studio/docs/screenshots-videos.html#browser-based-recorder

31-07-2024T12:34:42 - [MESSAGE][PASSED] - Browser is opened with url: ''

31-07-2024T12:34:42 - [TEST_STEP][PASSED] - navigateToUrl("https://www.saucedemo.com/"): Navigate to 'https://www.saucedemo.com/' successfully

31-07-2024T12:34:42 - [MESSAGE][PASSED] - Navigate to 'https://www.saucedemo.com/' successfully

31-07-2024T12:34:42 - [TEST_STEP][PASSED] - doubleClick(findTestObject("Object Repository/SauceD4/Page_Swag Labs/div_Accepted usernames arestandard_userlock_f87578")): Object: 'Object Repository/SauceD4/Page_Swag Labs/div_Accepted usernames arestandard_userlock_f87578' is double clicked on

31-07-2024T12:34:45 - [MESSAGE][PASSED] - Object: 'Object Repository/SauceD4/Page_Swag Labs/div_Accepted usernames arestandard_userlock_f87578' is double clicked on

31-07-2024T12:34:45 - [TEST_STEP][PASSED] - setText(findTestObject("Object Repository/SauceD4/Page_Swag Labs/input_Swag Labs_user-name"), "error_user"): Text 'error_user' is set on object 'Object Repository/SauceD4/Page_Swag Labs/input_Swag Labs_user-name'

31-07-2024T12:34:46 - [MESSAGE][PASSED] - Text 'error_user' is set on object 'Object Repository/SauceD4/Page_Swag Labs/input_Swag Labs_user-name'

31-07-2024T12:34:46 - [TEST_STEP][PASSED] - doubleClick(findTestObject("Object Repository/SauceD4/Page_Swag Labs/div_Password for all userssecret_sauce")): Object: 'Object Repository/SauceD4/Page_Swag Labs/div_Password for all userssecret_sauce' is double clicked on

31-07-2024T12:34:46 - [MESSAGE][PASSED] - Object: 'Object Repository/SauceD4/Page_Swag Labs/div_Password for all userssecret_sauce' is double clicked on

31-07-2024T12:34:46 - [TEST_STEP][PASSED] - setEncryptedText(findTestObject("Object Repository/SauceD4/Page_Swag Labs/input_Swag Labs_password"), "qcu24s4901FyWDTwXGr6XA=="): Text ****** has been set on object 'Object Repository/SauceD4/Page_Swag Labs/input_Swag Labs_password'

31-07-2024T12:34:47 - [MESSAGE][PASSED] - Text ****** has been set on object 'Object Repository/SauceD4/Page_Swag Labs/input_Swag Labs_password'

31-07-2024T12:34:47 - [TEST_STEP][PASSED] - click(findTestObject("Object Repository/SauceD4/Page_Swag Labs/input_Swag Labs_login-button")): Object: 'Object Repository/SauceD4/Page_Swag Labs/input_Swag Labs_login-button' is clicked on

31-07-2024T12:34:47 - [MESSAGE][PASSED] - Object: 'Object Repository/SauceD4/Page_Swag Labs/input_Swag Labs_login-button' is clicked on

31-07-2024T12:34:47 - [TEST_STEP][PASSED] - Start listener action : afterTest: null

31-07-2024T12:34:47 - [TEST_STEP][PASSED] - println("I am inside afterTest"): null]]></system-out>
         <system-err><![CDATA[]]></system-err>
      </testcase>
      <system-out><![CDATA[31-07-2024T12:34:24 - [TEST_SUITE][PASSED] - TS Sauce2: Test Cases/TC Dummy/SauceDLOGIN4]]></system-out>
      <system-err><![CDATA[]]></system-err>
   </testsuite>
</testsuites>
